[INFO] Scanning for projects...
[INFO] 
[INFO] --------------------------< com.example:demo >--------------------------
[INFO] Building  0.0.1-SNAPSHOT
[INFO]   from pom.xml
[INFO] --------------------------------[ jar ]---------------------------------
[INFO] 
[INFO] --- resources:3.3.1:resources (default-resources) @ demo ---
[INFO] Copying 1 resource from src\main\resources to target\classes
[INFO] Copying 0 resource from src\main\resources to target\classes
[INFO] 
[INFO] --- compiler:3.14.1:compile (default-compile) @ demo ---
[INFO] Nothing to compile - all classes are up to date.
[INFO] 
[INFO] --- resources:3.3.1:testResources (default-testResources) @ demo ---
[INFO] skip non existing resourceDirectory C:\Users\Lenovo\Documents\TTCS\backend\api\src\test\resources
[INFO] 
[INFO] --- compiler:3.14.1:testCompile (default-testCompile) @ demo ---
[INFO] Recompiling the module because of changed source code.
[INFO] Compiling 2 source files with javac [debug parameters release 21] to target\test-classes
[INFO] -------------------------------------------------------------
[ERROR] COMPILATION ERROR : 
[INFO] -------------------------------------------------------------
[ERROR] /C:/Users/Lenovo/Documents/TTCS/backend/api/src/test/java/com/example/demo/controller/RoomControllerTest.java:[8,63] package org.springframework.boot.test.autoconfigure.web.servlet does not exist
[ERROR] /C:/Users/Lenovo/Documents/TTCS/backend/api/src/test/java/com/example/demo/controller/RoomControllerTest.java:[9,50] package org.springframework.boot.test.mock.mockito does not exist
[ERROR] /C:/Users/Lenovo/Documents/TTCS/backend/api/src/test/java/com/example/demo/controller/RoomControllerTest.java:[23,2] cannot find symbol
  symbol: class WebMvcTest
[ERROR] /C:/Users/Lenovo/Documents/TTCS/backend/api/src/test/java/com/example/demo/controller/RoomControllerTest.java:[29,6] cannot find symbol
  symbol:   class MockBean
  location: class com.example.demo.controller.RoomControllerTest
[INFO] 4 errors 
[INFO] -------------------------------------------------------------
[INFO] ------------------------------------------------------------------------
[INFO] BUILD FAILURE
[INFO] ------------------------------------------------------------------------
[INFO] Total time:  3.303 s
[INFO] Finished at: 2026-03-26T13:02:17+07:00
[INFO] ------------------------------------------------------------------------
[ERROR] Failed to execute goal org.apache.maven.plugins:maven-compiler-plugin:3.14.1:testCompile (default-testCompile) on project demo: Compilation failure: Compilation failure: 
[ERROR] /C:/Users/Lenovo/Documents/TTCS/backend/api/src/test/java/com/example/demo/controller/RoomControllerTest.java:[8,63] package org.springframework.boot.test.autoconfigure.web.servlet does not exist
[ERROR] /C:/Users/Lenovo/Documents/TTCS/backend/api/src/test/java/com/example/demo/controller/RoomControllerTest.java:[9,50] package org.springframework.boot.test.mock.mockito does not exist
[ERROR] /C:/Users/Lenovo/Documents/TTCS/backend/api/src/test/java/com/example/demo/controller/RoomControllerTest.java:[23,2] cannot find symbol
[ERROR]   symbol: class WebMvcTest
[ERROR] /C:/Users/Lenovo/Documents/TTCS/backend/api/src/test/java/com/example/demo/controller/RoomControllerTest.java:[29,6] cannot find symbol
[ERROR]   symbol:   class MockBean
[ERROR]   location: class com.example.demo.controller.RoomControllerTest
[ERROR] -> [Help 1]
[ERROR] 
[ERROR] To see the full stack trace of the errors, re-run Maven with the -e switch.
[ERROR] Re-run Maven using the -X switch to enable full debug logging.
[ERROR] 
[ERROR] For more information about the errors and possible solutions, please read the following articles:
[ERROR] [Help 1] http://cwiki.apache.org/confluence/display/MAVEN/MojoFailureException
