[INFO] Scanning for projects...
[INFO] 
[INFO] --------------------------< com.example:demo >--------------------------
[INFO] Building  0.0.1-SNAPSHOT
[INFO]   from pom.xml
[INFO] --------------------------------[ jar ]---------------------------------
[INFO] 
[INFO] --- resources:3.3.1:resources (default-resources) @ demo ---
[INFO] Copying 1 resource from src\main\resources to target\classes
[INFO] Copying 0 resource from src\main\resources to target\classes
[INFO] 
[INFO] --- compiler:3.11.0:compile (default-compile) @ demo ---
[INFO] Changes detected - recompiling the module! :source
[INFO] Compiling 21 source files with javac [debug release 21] to target\classes
[INFO] -------------------------------------------------------------
[ERROR] COMPILATION ERROR : 
[INFO] -------------------------------------------------------------
[ERROR] /C:/Users/Lenovo/Documents/TTCS/backend/api/src/main/java/com/example/demo/service/RoomService.java:[30,44] cannot find symbol
  symbol:   method getImages()
  location: variable room of type com.example.demo.model.Room
[ERROR] /C:/Users/Lenovo/Documents/TTCS/backend/api/src/main/java/com/example/demo/service/RoomService.java:[31,21] cannot find symbol
  symbol:   method getImages()
  location: variable room of type com.example.demo.model.Room
[ERROR] /C:/Users/Lenovo/Documents/TTCS/backend/api/src/main/java/com/example/demo/service/RoomService.java:[35,28] cannot find symbol
  symbol:   method builder()
  location: class com.example.demo.dto.RoomResponse
[ERROR] /C:/Users/Lenovo/Documents/TTCS/backend/api/src/main/java/com/example/demo/service/RoomService.java:[36,29] cannot find symbol
  symbol:   method getRoomId()
  location: variable room of type com.example.demo.model.Room
[ERROR] /C:/Users/Lenovo/Documents/TTCS/backend/api/src/main/java/com/example/demo/service/RoomService.java:[37,30] cannot find symbol
  symbol:   method getHouse()
  location: variable room of type com.example.demo.model.Room
[ERROR] /C:/Users/Lenovo/Documents/TTCS/backend/api/src/main/java/com/example/demo/service/RoomService.java:[37,56] cannot find symbol
  symbol:   method getHouse()
  location: variable room of type com.example.demo.model.Room
[ERROR] /C:/Users/Lenovo/Documents/TTCS/backend/api/src/main/java/com/example/demo/service/RoomService.java:[38,27] cannot find symbol
  symbol:   method getName()
  location: variable room of type com.example.demo.model.Room
[ERROR] /C:/Users/Lenovo/Documents/TTCS/backend/api/src/main/java/com/example/demo/service/RoomService.java:[39,28] cannot find symbol
  symbol:   method getPrice()
  location: variable room of type com.example.demo.model.Room
[ERROR] /C:/Users/Lenovo/Documents/TTCS/backend/api/src/main/java/com/example/demo/service/RoomService.java:[40,31] cannot find symbol
  symbol:   method getCapacity()
  location: variable room of type com.example.demo.model.Room
[ERROR] /C:/Users/Lenovo/Documents/TTCS/backend/api/src/main/java/com/example/demo/service/RoomService.java:[41,34] cannot find symbol
  symbol:   method getIsAvailable()
  location: variable room of type com.example.demo.model.Room
[ERROR] /C:/Users/Lenovo/Documents/TTCS/backend/api/src/main/java/com/example/demo/service/RoomService.java:[42,34] cannot find symbol
  symbol:   method getDescription()
  location: variable room of type com.example.demo.model.Room
[ERROR] /C:/Users/Lenovo/Documents/TTCS/backend/api/src/main/java/com/example/demo/service/RoomService.java:[43,32] cannot find symbol
  symbol:   method getCreatedAt()
  location: variable room of type com.example.demo.model.Room
[ERROR] /C:/Users/Lenovo/Documents/TTCS/backend/api/src/main/java/com/example/demo/service/RoomService.java:[44,32] cannot find symbol
  symbol:   method getUpdatedAt()
  location: variable room of type com.example.demo.model.Room
[ERROR] /C:/Users/Lenovo/Documents/TTCS/backend/api/src/main/java/com/example/demo/service/RoomService.java:[50,28] cannot find symbol
  symbol:   method builder()
  location: class com.example.demo.dto.RoomImageDto
[ERROR] /C:/Users/Lenovo/Documents/TTCS/backend/api/src/main/java/com/example/demo/service/RoomService.java:[51,31] cannot find symbol
  symbol:   method getImageId()
  location: variable image of type com.example.demo.model.RoomImage
[ERROR] /C:/Users/Lenovo/Documents/TTCS/backend/api/src/main/java/com/example/demo/service/RoomService.java:[52,32] cannot find symbol
  symbol:   method getImageUrl()
  location: variable image of type com.example.demo.model.RoomImage
[ERROR] /C:/Users/Lenovo/Documents/TTCS/backend/api/src/main/java/com/example/demo/service/RoomService.java:[53,35] cannot find symbol
  symbol:   method getIsThumbnail()
  location: variable image of type com.example.demo.model.RoomImage
[INFO] 17 errors 
[INFO] -------------------------------------------------------------
[INFO] ------------------------------------------------------------------------
[INFO] BUILD FAILURE
[INFO] ------------------------------------------------------------------------
[INFO] Total time:  3.805 s
[INFO] Finished at: 2026-03-26T13:09:15+07:00
[INFO] ------------------------------------------------------------------------
[ERROR] Failed to execute goal org.apache.maven.plugins:maven-compiler-plugin:3.11.0:compile (default-compile) on project demo: Compilation failure: Compilation failure: 
[ERROR] /C:/Users/Lenovo/Documents/TTCS/backend/api/src/main/java/com/example/demo/service/RoomService.java:[30,44] cannot find symbol
[ERROR]   symbol:   method getImages()
[ERROR]   location: variable room of type com.example.demo.model.Room
[ERROR] /C:/Users/Lenovo/Documents/TTCS/backend/api/src/main/java/com/example/demo/service/RoomService.java:[31,21] cannot find symbol
[ERROR]   symbol:   method getImages()
[ERROR]   location: variable room of type com.example.demo.model.Room
[ERROR] /C:/Users/Lenovo/Documents/TTCS/backend/api/src/main/java/com/example/demo/service/RoomService.java:[35,28] cannot find symbol
[ERROR]   symbol:   method builder()
[ERROR]   location: class com.example.demo.dto.RoomResponse
[ERROR] /C:/Users/Lenovo/Documents/TTCS/backend/api/src/main/java/com/example/demo/service/RoomService.java:[36,29] cannot find symbol
[ERROR]   symbol:   method getRoomId()
[ERROR]   location: variable room of type com.example.demo.model.Room
[ERROR] /C:/Users/Lenovo/Documents/TTCS/backend/api/src/main/java/com/example/demo/service/RoomService.java:[37,30] cannot find symbol
[ERROR]   symbol:   method getHouse()
[ERROR]   location: variable room of type com.example.demo.model.Room
[ERROR] /C:/Users/Lenovo/Documents/TTCS/backend/api/src/main/java/com/example/demo/service/RoomService.java:[37,56] cannot find symbol
[ERROR]   symbol:   method getHouse()
[ERROR]   location: variable room of type com.example.demo.model.Room
[ERROR] /C:/Users/Lenovo/Documents/TTCS/backend/api/src/main/java/com/example/demo/service/RoomService.java:[38,27] cannot find symbol
[ERROR]   symbol:   method getName()
[ERROR]   location: variable room of type com.example.demo.model.Room
[ERROR] /C:/Users/Lenovo/Documents/TTCS/backend/api/src/main/java/com/example/demo/service/RoomService.java:[39,28] cannot find symbol
[ERROR]   symbol:   method getPrice()
[ERROR]   location: variable room of type com.example.demo.model.Room
[ERROR] /C:/Users/Lenovo/Documents/TTCS/backend/api/src/main/java/com/example/demo/service/RoomService.java:[40,31] cannot find symbol
[ERROR]   symbol:   method getCapacity()
[ERROR]   location: variable room of type com.example.demo.model.Room
[ERROR] /C:/Users/Lenovo/Documents/TTCS/backend/api/src/main/java/com/example/demo/service/RoomService.java:[41,34] cannot find symbol
[ERROR]   symbol:   method getIsAvailable()
[ERROR]   location: variable room of type com.example.demo.model.Room
[ERROR] /C:/Users/Lenovo/Documents/TTCS/backend/api/src/main/java/com/example/demo/service/RoomService.java:[42,34] cannot find symbol
[ERROR]   symbol:   method getDescription()
[ERROR]   location: variable room of type com.example.demo.model.Room
[ERROR] /C:/Users/Lenovo/Documents/TTCS/backend/api/src/main/java/com/example/demo/service/RoomService.java:[43,32] cannot find symbol
[ERROR]   symbol:   method getCreatedAt()
[ERROR]   location: variable room of type com.example.demo.model.Room
[ERROR] /C:/Users/Lenovo/Documents/TTCS/backend/api/src/main/java/com/example/demo/service/RoomService.java:[44,32] cannot find symbol
[ERROR]   symbol:   method getUpdatedAt()
[ERROR]   location: variable room of type com.example.demo.model.Room
[ERROR] /C:/Users/Lenovo/Documents/TTCS/backend/api/src/main/java/com/example/demo/service/RoomService.java:[50,28] cannot find symbol
[ERROR]   symbol:   method builder()
[ERROR]   location: class com.example.demo.dto.RoomImageDto
[ERROR] /C:/Users/Lenovo/Documents/TTCS/backend/api/src/main/java/com/example/demo/service/RoomService.java:[51,31] cannot find symbol
[ERROR]   symbol:   method getImageId()
[ERROR]   location: variable image of type com.example.demo.model.RoomImage
[ERROR] /C:/Users/Lenovo/Documents/TTCS/backend/api/src/main/java/com/example/demo/service/RoomService.java:[52,32] cannot find symbol
[ERROR]   symbol:   method getImageUrl()
[ERROR]   location: variable image of type com.example.demo.model.RoomImage
[ERROR] /C:/Users/Lenovo/Documents/TTCS/backend/api/src/main/java/com/example/demo/service/RoomService.java:[53,35] cannot find symbol
[ERROR]   symbol:   method getIsThumbnail()
[ERROR]   location: variable image of type com.example.demo.model.RoomImage
[ERROR] -> [Help 1]
[ERROR] 
[ERROR] To see the full stack trace of the errors, re-run Maven with the -e switch.
[ERROR] Re-run Maven using the -X switch to enable full debug logging.
[ERROR] 
[ERROR] For more information about the errors and possible solutions, please read the following articles:
[ERROR] [Help 1] http://cwiki.apache.org/confluence/display/MAVEN/MojoFailureException
